java.lang.Exception: Error getting Bloop class path
  bloop.rifle.BloopRifle$.startServer(BloopRifle.scala:49)
  bloop.rifle.BloopServer$.startBloop$1(BloopServer.scala:77)
  bloop.rifle.BloopServer$.ensureBloopRunning(BloopServer.scala:108)
  bloop.rifle.BloopServer$.bsp(BloopServer.scala:155)
  bloop.rifle.BloopServer$.buildServer(BloopServer.scala:185)
  scala.build.bsp.BspImpl.$anonfun$10(BspImpl.scala:423)
  scala.build.compiler.BloopCompiler.<init>(BloopCompiler.scala:15)
  scala.build.bsp.BspImpl.newBloopSession(BspImpl.scala:428)
  scala.build.bsp.BspImpl.run(BspImpl.scala:469)
  scala.cli.commands.bsp.Bsp$.runCommand$$anonfun$1(Bsp.scala:126)
  scala.runtime.function.JProcedure1.apply(JProcedure1.java:15)
  scala.runtime.function.JProcedure1.apply(JProcedure1.java:10)
  scala.build.bsp.BspThreads$.withThreads(BspThreads.scala:23)
  scala.cli.commands.bsp.Bsp$.runCommand(Bsp.scala:129)
  scala.cli.commands.bsp.Bsp$.runCommand(Bsp.scala:35)
  scala.cli.commands.ScalaCommand.run(ScalaCommand.scala:368)
  scala.cli.commands.ScalaCommand.run(ScalaCommand.scala:350)
  caseapp.core.app.CaseApp.main(CaseApp.scala:157)
  scala.cli.commands.ScalaCommand.main(ScalaCommand.scala:335)
  caseapp.core.app.CommandsEntryPoint.main(CommandsEntryPoint.scala:166)
  scala.cli.ScalaCliCommands.main(ScalaCliCommands.scala:125)
  scala.cli.ScalaCli$.main0(ScalaCli.scala:269)
  scala.cli.ScalaCli$.main(ScalaCli.scala:108)
  scala.cli.ScalaCli.main(ScalaCli.scala)
scala.build.errors.FetchingDependenciesError: Error fetching artifacts:
https://repo1.maven.org/maven2/org/typelevel/cats-macros_2.12/2.1.1/cats-macros_2.12-2.1.1.jar: download error: Caught java.net.ConnectException (Connection timed out: connect) while downloading https://repo1.maven.org/maven2/org/typelevel/cats-macros_2.12/2.1.1/cats-macros_2.12-2.1.1.jar

  scala.build.Artifacts$.fetchCsDependencies$$anonfun$1$$anonfun$2(Artifacts.scala:647)
  scala.util.Either$LeftProjection.map(Either.scala:622)
  scala.build.Artifacts$.fetchCsDependencies$$anonfun$1(Artifacts.scala:648)
  scala.build.EitherCps$Helper.apply(EitherCps.scala:19)
  scala.build.Artifacts$.fetchCsDependencies(Artifacts.scala:650)
  scala.build.Artifacts$.fetchAnyDependenciesWithResult$$anonfun$1(Artifacts.scala:541)
  scala.build.EitherCps$Helper.apply(EitherCps.scala:19)
  scala.build.Artifacts$.fetchAnyDependenciesWithResult(Artifacts.scala:558)
  scala.build.Artifacts$.fetchAnyDependencies$$anonfun$1(Artifacts.scala:506)
  scala.build.EitherCps$Helper.apply(EitherCps.scala:19)
  scala.build.Artifacts$.fetchAnyDependencies(Artifacts.scala:510)
  scala.build.Artifacts$.artifacts$$anonfun$1(Artifacts.scala:437)
  scala.build.EitherCps$Helper.apply(EitherCps.scala:19)
  scala.build.Artifacts$.artifacts(Artifacts.scala:457)
  scala.build.Bloop$.bloopClassPath$$anonfun$1(Bloop.scala:73)
  scala.build.EitherCps$Helper.apply(EitherCps.scala:19)
  scala.build.Bloop$.bloopClassPath(Bloop.scala:82)
  scala.build.Bloop$.bloopClassPath$$anonfun$2(Bloop.scala:104)
  scala.build.EitherCps$Helper.apply(EitherCps.scala:19)
  scala.build.Bloop$.bloopClassPath(Bloop.scala:107)
  scala.cli.commands.shared.SharedCompilationServerOptions.$anonfun$13(SharedCompilationServerOptions.scala:264)
  bloop.rifle.BloopRifle$.startServer(BloopRifle.scala:48)
  bloop.rifle.BloopServer$.startBloop$1(BloopServer.scala:77)
  bloop.rifle.BloopServer$.ensureBloopRunning(BloopServer.scala:108)
  bloop.rifle.BloopServer$.bsp(BloopServer.scala:155)
  bloop.rifle.BloopServer$.buildServer(BloopServer.scala:185)
  scala.build.bsp.BspImpl.$anonfun$10(BspImpl.scala:423)
  scala.build.compiler.BloopCompiler.<init>(BloopCompiler.scala:15)
  scala.build.bsp.BspImpl.newBloopSession(BspImpl.scala:428)
  scala.build.bsp.BspImpl.run(BspImpl.scala:469)
  scala.cli.commands.bsp.Bsp$.runCommand$$anonfun$1(Bsp.scala:126)
  scala.runtime.function.JProcedure1.apply(JProcedure1.java:15)
  scala.runtime.function.JProcedure1.apply(JProcedure1.java:10)
  scala.build.bsp.BspThreads$.withThreads(BspThreads.scala:23)
  scala.cli.commands.bsp.Bsp$.runCommand(Bsp.scala:129)
  scala.cli.commands.bsp.Bsp$.runCommand(Bsp.scala:35)
  scala.cli.commands.ScalaCommand.run(ScalaCommand.scala:368)
  scala.cli.commands.ScalaCommand.run(ScalaCommand.scala:350)
  caseapp.core.app.CaseApp.main(CaseApp.scala:157)
  scala.cli.commands.ScalaCommand.main(ScalaCommand.scala:335)
  caseapp.core.app.CommandsEntryPoint.main(CommandsEntryPoint.scala:166)
  scala.cli.ScalaCliCommands.main(ScalaCliCommands.scala:125)
  scala.cli.ScalaCli$.main0(ScalaCli.scala:269)
  scala.cli.ScalaCli$.main(ScalaCli.scala:108)
  scala.cli.ScalaCli.main(ScalaCli.scala)
coursier.error.FetchError$DownloadingArtifacts: Error fetching artifacts:
https://repo1.maven.org/maven2/org/typelevel/cats-macros_2.12/2.1.1/cats-macros_2.12-2.1.1.jar: download error: Caught java.net.ConnectException (Connection timed out: connect) while downloading https://repo1.maven.org/maven2/org/typelevel/cats-macros_2.12/2.1.1/cats-macros_2.12-2.1.1.jar

  coursier.Artifacts$.$anonfun$fetchArtifacts$9(Artifacts.scala:365)
  coursier.util.Task$.$anonfun$flatMap$extension$1(Task.scala:14)
  coursier.util.Task$.$anonfun$flatMap$extension$1$adapted(Task.scala:14)
  coursier.util.Task$.wrap(Task.scala:82)
  coursier.util.Task$.$anonfun$flatMap$2(Task.scala:14)
  scala.concurrent.impl.Promise$Transformation.run(Promise.scala:470)
  java.base/java.util.concurrent.ThreadPoolExecutor.runWorker(ThreadPoolExecutor.java:1136)
  java.base/java.util.concurrent.ThreadPoolExecutor$Worker.run(ThreadPoolExecutor.java:635)
  java.base/java.lang.Thread.run(Thread.java:842)
coursier.cache.ArtifactError$DownloadError: download error: Caught java.net.ConnectException (Connection timed out: connect) while downloading https://repo1.maven.org/maven2/org/typelevel/cats-macros_2.12/2.1.1/cats-macros_2.12-2.1.1.jar
  coursier.cache.internal.Downloader$.helper$2(Downloader.scala:793)
  coursier.cache.internal.Downloader$.coursier$cache$internal$Downloader$$downloading(Downloader.scala:806)
  coursier.cache.internal.Downloader$Blocking$.remote(Downloader.scala:415)
  coursier.cache.internal.Downloader.$anonfun$remote$6(Downloader.scala:533)
  scala.concurrent.Future$.$anonfun$apply$1(Future.scala:687)
  scala.concurrent.impl.Promise$Transformation.run(Promise.scala:467)
  java.base/java.util.concurrent.ThreadPoolExecutor.runWorker(ThreadPoolExecutor.java:1136)
  java.base/java.util.concurrent.ThreadPoolExecutor$Worker.run(ThreadPoolExecutor.java:635)
  java.base/java.lang.Thread.run(Thread.java:842)
java.net.ConnectException: Connection timed out: connect
  java.base/sun.nio.ch.Net.connect0(Native Method)
  java.base/sun.nio.ch.Net.connect(Net.java:579)
  java.base/sun.nio.ch.Net.connect(Net.java:568)
  java.base/sun.nio.ch.NioSocketImpl.connect(NioSocketImpl.java:593)
  java.base/java.net.SocksSocketImpl.connect(SocksSocketImpl.java:327)
  java.base/java.net.Socket.connect(Socket.java:633)
  java.base/sun.security.ssl.SSLSocketImpl.connect(SSLSocketImpl.java:304)
  java.base/sun.security.ssl.BaseSSLSocketImpl.connect(BaseSSLSocketImpl.java:174)
  java.base/sun.net.NetworkClient.doConnect(NetworkClient.java:183)
  java.base/sun.net.www.http.HttpClient.openServer(HttpClient.java:534)
  java.base/sun.net.www.http.HttpClient.openServer(HttpClient.java:639)
  java.base/sun.net.www.protocol.https.HttpsClient.<init>(HttpsClient.java:266)
  java.base/sun.net.www.protocol.https.HttpsClient.New(HttpsClient.java:380)
  java.base/sun.net.www.protocol.https.AbstractDelegateHttpsURLConnection.getNewHttpClient(AbstractDelegateHttpsURLConnection.java:193)
  java.base/sun.net.www.protocol.http.HttpURLConnection.plainConnect0(HttpURLConnection.java:1242)
  java.base/sun.net.www.protocol.http.HttpURLConnection.plainConnect(HttpURLConnection.java:1128)
  java.base/sun.net.www.protocol.https.AbstractDelegateHttpsURLConnection.connect(AbstractDelegateHttpsURLConnection.java:179)
  java.base/sun.net.www.protocol.http.HttpURLConnection.getInputStream0(HttpURLConnection.java:1665)
  java.base/sun.net.www.protocol.http.HttpURLConnection.getInputStream(HttpURLConnection.java:1589)
  java.base/java.net.HttpURLConnection.getResponseCode(HttpURLConnection.java:529)
  java.base/sun.net.www.protocol.https.HttpsURLConnectionImpl.getResponseCode(HttpsURLConnectionImpl.java:308)
  coursier.cache.CacheUrl$.redirectTo(CacheUrl.scala:179)
  coursier.cache.CacheUrl$.redirect(CacheUrl.scala:194)
  coursier.cache.CacheUrl$.urlConnectionMaybePartial(CacheUrl.scala:350)
  coursier.cache.ConnectionBuilder.connectionMaybePartial(ConnectionBuilder.scala:50)
  coursier.cache.internal.Downloader$Blocking$.doDownload(Downloader.scala:222)
  coursier.cache.internal.Downloader$Blocking$.$anonfun$remote$2(Downloader.scala:410)
  coursier.cache.CacheLocks$.loop$1(CacheLocks.scala:73)
  coursier.cache.CacheLocks$.withLockOr(CacheLocks.scala:93)
  coursier.cache.internal.Downloader$Blocking$.$anonfun$remote$1(Downloader.scala:413)
  coursier.cache.internal.Downloader$.$anonfun$downloading$1(Downloader.scala:764)
  coursier.cache.CacheLocks$.withUrlLock(CacheLocks.scala:112)
  coursier.cache.internal.Downloader$.helper$2(Downloader.scala:764)
  coursier.cache.internal.Downloader$.coursier$cache$internal$Downloader$$downloading(Downloader.scala:806)
  coursier.cache.internal.Downloader$Blocking$.remote(Downloader.scala:415)
  coursier.cache.internal.Downloader.$anonfun$remote$6(Downloader.scala:533)
  scala.concurrent.Future$.$anonfun$apply$1(Future.scala:687)
  scala.concurrent.impl.Promise$Transformation.run(Promise.scala:467)
  java.base/java.util.concurrent.ThreadPoolExecutor.runWorker(ThreadPoolExecutor.java:1136)
  java.base/java.util.concurrent.ThreadPoolExecutor$Worker.run(ThreadPoolExecutor.java:635)
  java.base/java.lang.Thread.run(Thread.java:842)
